# JRE version: 7.0_04-b22
# Java VM: Java HotSpot(TM) Client VM (23.0-b21 mixed mode, sharing windows-x86 )
Heap
 def new generation   total 4864K, used 1794K [0x23330000, 0x23870000, 0x287d0000)
  eden space 4352K,  29% used [0x23330000, 0x234708f0, 0x23770000)
  from space 512K, 100% used [0x23770000, 0x237f0000, 0x237f0000)
  to   space 512K,   0% used [0x237f0000, 0x237f0000, 0x23870000)
 tenured generation   total 10880K, used 5074K [0x287d0000, 0x29270000, 0x33130000)
   the space 10880K,  46% used [0x287d0000, 0x28cc4928, 0x28cc4a00, 0x29270000)
 compacting perm gen  total 12288K, used 2777K [0x33130000, 0x33d30000, 0x37130000)
   the space 12288K,  22% used [0x33130000, 0x333e6618, 0x333e6800, 0x33d30000)
    ro space 10240K,  45% used [0x37130000, 0x375b3958, 0x375b3a00, 0x37b30000)
    rw space 12288K,  54% used [0x37b30000, 0x381b7498, 0x381b7600, 0x38730000)
GC Heap History (8 events):
Event: 11.269 GC heap before
{Heap before GC invocations=0 (full 0):
 def new generation   total 4864K, used 4352K [0x23330000, 0x23870000, 0x287d0000)
  eden space 4352K, 100% used [0x23330000, 0x23770000, 0x23770000)
  from space 512K,   0% used [0x23770000, 0x23770000, 0x237f0000)
  to   space 512K,   0% used [0x237f0000, 0x237f0000, 0x23870000)
 tenured generation   total 10880K, used 0K [0x287d0000, 0x29270000, 0x33130000)
   the space 10880K,   0% used [0x287d0000, 0x287d0000, 0x287d0200, 0x29270000)
 compacting perm gen  total 12288K, used 1109K [0x33130000, 0x33d30000, 0x37130000)
   the space 12288K,   9% used [0x33130000, 0x33245568, 0x33245600, 0x33d30000)
    ro space 10240K,  45% used [0x37130000, 0x375b3958, 0x375b3a00, 0x37b30000)
    rw space 12288K,  54% used [0x37b30000, 0x381b7498, 0x381b7600, 0x38730000)
Event: 11.319 GC heap after
Heap after GC invocations=1 (full 0):
 def new generation   total 4864K, used 512K [0x23330000, 0x23870000, 0x287d0000)
  eden space 4352K,   0% used [0x23330000, 0x23330000, 0x23770000)
  from space 512K, 100% used [0x237f0000, 0x23870000, 0x23870000)
  to   space 512K,   0% used [0x23770000, 0x23770000, 0x237f0000)
 tenured generation   total 10880K, used 328K [0x287d0000, 0x29270000, 0x33130000)
   the space 10880K,   3% used [0x287d0000, 0x288222f0, 0x28822400, 0x29270000)
 compacting perm gen  total 12288K, used 1109K [0x33130000, 0x33d30000, 0x37130000)
   the space 12288K,   9% used [0x33130000, 0x33245568, 0x33245600, 0x33d30000)
    ro space 10240K,  45% used [0x37130000, 0x375b3958, 0x375b3a00, 0x37b30000)
    rw space 12288K,  54% used [0x37b30000, 0x381b7498, 0x381b7600, 0x38730000)
}
Event: 20.221 GC heap before
{Heap before GC invocations=1 (full 0):
 def new generation   total 4864K, used 3683K [0x23330000, 0x23870000, 0x287d0000)
  eden space 4352K,  72% used [0x23330000, 0x23648c00, 0x23770000)
  from space 512K, 100% used [0x237f0000, 0x23870000, 0x23870000)
  to   space 512K,   0% used [0x23770000, 0x23770000, 0x237f0000)
 tenured generation   total 10880K, used 328K [0x287d0000, 0x29270000, 0x33130000)
   the space 10880K,   3% used [0x287d0000, 0x288222f0, 0x28822400, 0x29270000)
 compacting perm gen  total 12288K, used 1897K [0x33130000, 0x33d30000, 0x37130000)
   the space 12288K,  15% used [0x33130000, 0x3330a710, 0x3330a800, 0x33d30000)
    ro space 10240K,  45% used [0x37130000, 0x375b3958, 0x375b3a00, 0x37b30000)
    rw space 12288K,  54% used [0x37b30000, 0x381b7498, 0x381b7600, 0x38730000)
Event: 20.236 GC heap after
Heap after GC invocations=2 (full 0):
 def new generation   total 4864K, used 512K [0x23330000, 0x23870000, 0x287d0000)
  eden space 4352K,   0% used [0x23330000, 0x23330000, 0x23770000)
  from space 512K, 100% used [0x23770000, 0x237f0000, 0x237f0000)
  to   space 512K,   0% used [0x237f0000, 0x237f0000, 0x23870000)
 tenured generation   total 10880K, used 1288K [0x287d0000, 0x29270000, 0x33130000)
   the space 10880K,  11% used [0x287d0000, 0x289120a0, 0x28912200, 0x29270000)
 compacting perm gen  total 12288K, used 1897K [0x33130000, 0x33d30000, 0x37130000)
   the space 12288K,  15% used [0x33130000, 0x3330a710, 0x3330a800, 0x33d30000)
    ro space 10240K,  45% used [0x37130000, 0x375b3958, 0x375b3a00, 0x37b30000)
    rw space 12288K,  54% used [0x37b30000, 0x381b7498, 0x381b7600, 0x38730000)
}
Event: 31.666 GC heap before
{Heap before GC invocations=2 (full 0):
 def new generation   total 4864K, used 4864K [0x23330000, 0x23870000, 0x287d0000)
  eden space 4352K, 100% used [0x23330000, 0x23770000, 0x23770000)
  from space 512K, 100% used [0x23770000, 0x237f0000, 0x237f0000)
  to   space 512K,   0% used [0x237f0000, 0x237f0000, 0x23870000)
 tenured generation   total 10880K, used 1288K [0x287d0000, 0x29270000, 0x33130000)
   the space 10880K,  11% used [0x287d0000, 0x289120a0, 0x28912200, 0x29270000)
 compacting perm gen  total 12288K, used 2418K [0x33130000, 0x33d30000, 0x37130000)
   the space 12288K,  19% used [0x33130000, 0x3338c850, 0x3338ca00, 0x33d30000)
    ro space 10240K,  45% used [0x37130000, 0x375b3958, 0x375b3a00, 0x37b30000)
    rw space 12288K,  54% used [0x37b30000, 0x381b7498, 0x381b7600, 0x38730000)
Event: 31.686 GC heap after
Heap after GC invocations=3 (full 0):
 def new generation   total 4864K, used 459K [0x23330000, 0x23870000, 0x287d0000)
  eden space 4352K,   0% used [0x23330000, 0x23330000, 0x23770000)
  from space 512K,  89% used [0x237f0000, 0x23862cb8, 0x23870000)
  to   space 512K,   0% used [0x23770000, 0x23770000, 0x237f0000)
 tenured generation   total 10880K, used 4487K [0x287d0000, 0x29270000, 0x33130000)
   the space 10880K,  41% used [0x287d0000, 0x28c31ef8, 0x28c32000, 0x29270000)
 compacting perm gen  total 12288K, used 2418K [0x33130000, 0x33d30000, 0x37130000)
   the space 12288K,  19% used [0x33130000, 0x3338c850, 0x3338ca00, 0x33d30000)
    ro space 10240K,  45% used [0x37130000, 0x375b3958, 0x375b3a00, 0x37b30000)
    rw space 12288K,  54% used [0x37b30000, 0x381b7498, 0x381b7600, 0x38730000)
}
Event: 49.358 GC heap before
{Heap before GC invocations=3 (full 0):
 def new generation   total 4864K, used 4811K [0x23330000, 0x23870000, 0x287d0000)
  eden space 4352K, 100% used [0x23330000, 0x23770000, 0x23770000)
  from space 512K,  89% used [0x237f0000, 0x23862cb8, 0x23870000)
  to   space 512K,   0% used [0x23770000, 0x23770000, 0x237f0000)
 tenured generation   total 10880K, used 4487K [0x287d0000, 0x29270000, 0x33130000)
   the space 10880K,  41% used [0x287d0000, 0x28c31ef8, 0x28c32000, 0x29270000)
 compacting perm gen  total 12288K, used 2705K [0x33130000, 0x33d30000, 0x37130000)
   the space 12288K,  22% used [0x33130000, 0x333d44b0, 0x333d4600, 0x33d30000)
    ro space 10240K,  45% used [0x37130000, 0x375b3958, 0x375b3a00, 0x37b30000)
    rw space 12288K,  54% used [0x37b30000, 0x381b7498, 0x381b7600, 0x38730000)
Event: 49.370 GC heap after
Heap after GC invocations=4 (full 0):
 def new generation   total 4864K, used 512K [0x23330000, 0x23870000, 0x287d0000)
  eden space 4352K,   0% used [0x23330000, 0x23330000, 0x23770000)
  from space 512K, 100% used [0x23770000, 0x237f0000, 0x237f0000)
  to   space 512K,   0% used [0x237f0000, 0x237f0000, 0x23870000)
 tenured generation   total 10880K, used 5074K [0x287d0000, 0x29270000, 0x33130000)
   the space 10880K,  46% used [0x287d0000, 0x28cc4928, 0x28cc4a00, 0x29270000)
 compacting perm gen  total 12288K, used 2705K [0x33130000, 0x33d30000, 0x37130000)
   the space 12288K,  22% used [0x33130000, 0x333d44b0, 0x333d4600, 0x33d30000)
    ro space 10240K,  45% used [0x37130000, 0x375b3958, 0x375b3a00, 0x37b30000)
    rw space 12288K,  54% used [0x37b30000, 0x381b7498, 0x381b7600, 0x38730000)
}

